Move joint 7  x: -40.61474  y: 321.10577  z: -118.3194
Move joint 11  x: -8.918472  y: 51.411377  z: -208.82886
llen=1757.8628,reflen=234.31169
Move joint 0  x: -303.7237  y: -569.6513  z: 2780.6338
Move joint 1  x: -512.71344  y: -859.4414  z: 2942.3997
Move joint 2  x: 366.5855  y: -1236.221  z: 2524.3474
Move joint 5  x: -1066.3601  y: 47.623947  z: 2779.7266
Move joint 7  x: -44.72435  y: 318.10077  z: -118.96176
Move joint 11  x: -7.750698  y: 50.70807  z: -207.52576
llen=1755.3954,reflen=234.31169
Move joint 0  x: -303.24084  y: -569.8357  z: 2778.2913
Move joint 1  x: -512.72  y: -858.2484  z: 2938.3792
Move joint 2  x: 365.7544  y: -1233.272  z: 2520.7559
Move joint 5  x: -1065.9727  y: 46.244354  z: 2776.1235
Move joint 7  x: -40.42437  y: 312.95566  z: -120.72026
Move joint 11  x: -6.8564568  y: 50.10132  z: -206.38428
llen=1752.425,reflen=234.31169
Move joint 0  x: -303.05737  y: -570.70154  z: 2773.2402
Move joint 1  x: -512.69324  y: -858.0107  z: 2933.6406
Move joint 2  x: 364.504  y: -1231.5908  z: 2517.0024
Move joint 5  x: -1064.9901  y: 43.878017  z: 2771.4082
Move joint 7  x: -37.464283  y: 306.36575  z: -123.08835
Move joint 11  x: -5.980259  y: 49.713745  z: -205.6582
llen=1750.9862,reflen=234.31169
Move joint 0  x: -302.58865  y: -572.57434  z: 2774.2969
Move joint 1  x: -512.5958  y: -859.4023  z: 2931.4648
Move joint 2  x: 364.02444  y: -1231.773  z: 2514.6663
Move joint 5  x: -1064.9285  y: 41.12546  z: 2769.9072
Move joint 7  x: -32.765087  y: 298.98636  z: -123.733154
Move joint 11  x: -5.3059006  y: 49.656677  z: -205.5658
llen=1748.3829,reflen=234.31169
Move joint 0  x: -301.32535  y: -571.7854  z: 2768.749
Move joint 1  x: -512.24414  y: -858.7519  z: 2927.2222
Move joint 2  x: 363.3384  y: -1229.2957  z: 2510.5078
Move joint 5  x: -1064.3081  y: 39.370464  z: 2766.492
Move joint 7  x: -37.385307  y: 292.3443  z: -125.69011
Move joint 11  x: -4.0911827  y: 49.10443  z: -204.5127
llen=1744.8497,reflen=234.31169
Move joint 0  x: -300.0418  y: -571.09  z: 2761.4648
Move joint 1  x: -511.25015  y: -856.81445  z: 2921.295
Move joint 2  x: 363.14658  y: -1225.0796  z: 2505.5886
Move joint 5  x: -1062.5571  y: 37.6914  z: 2760.7585
Move joint 7  x: -42.50688  y: 289.67505  z: -127.20924
Move joint 11  x: -2.1633873  y: 48.30182  z: -202.95776
llen=1741.5305,reflen=234.31169
Move joint 0  x: -298.3888  y: -570.9219  z: 2753.3047
Move joint 1  x: -509.8552  y: -855.70764  z: 2915.7212
Move joint 2  x: 363.01547  y: -1222.5653  z: 2501.2766
Move joint 5  x: -1059.9718  y: 36.072235  z: 2755.0488
Move joint 7  x: -41.693035  y: 285.7212  z: -128.27856
Move joint 11  x: -3.5781784  y: 47.920258  z: -202.18005
llen=1738.0153,reflen=234.31169
Move joint 0  x: -297.36426  y: -570.49896  z: 2743.689
Move joint 1  x: -508.90356  y: -854.51935  z: 2909.894
Move joint 2  x: 362.3194  y: -1219.695  z: 2496.2668
Move joint 5  x: -1058.032  y: 34.455257  z: 2749.614
Move joint 7  x: -46.158672  y: 280.09665  z: -129.29721
Move joint 11  x: -2.329361  y: 47.02127  z: -200.39746
llen=1735.0632,reflen=234.31169
Move joint 0  x: -295.8399  y: -570.0073  z: 2737.21
Move joint 1  x: -508.11252  y: -853.8834  z: 2905.0332
Move joint 2  x: 361.38617  y: -1217.9321  z: 2491.7336
Move joint 5  x: -1056.3757  y: 33.295002  z: 2745.4587
Move joint 7  x: -49.85517  y: 279.55432  z: -129.62727
llen=1731.8525,reflen=234.31169
Move joint 0  x: -294.73407  y: -569.06134  z: 2729.5002
Move joint 1  x: -506.89145  y: -852.4145  z: 2899.6252
Move joint 2  x: 360.83282  y: -1215.6093  z: 2487.5776
Move joint 5  x: -1053.719  y: 32.647438  z: 2739.889
Move joint 7  x: -52.174137  y: 278.3416  z: -130.3447
llen=1729.8612,reflen=234.31169
Move joint 0  x: -295.03738  y: -570.0421  z: 2727.1265
Move joint 1  x: -507.02203  y: -851.8827  z: 2896.4355
Move joint 2  x: 359.38297  y: -1214.4003  z: 2484.2356
Move joint 5  x: -1053.3312  y: 32.249733  z: 2737.5608
Move joint 7  x: -48.890076  y: 277.64804  z: -129.71562
llen=1727.585,reflen=234.31169
Move joint 0  x: -295.10788  y: -569.8412  z: 2723.246
Move joint 1  x: -507.09924  y: -850.0001  z: 2892.6685
Move joint 2  x: 358.13202  y: -1211.1937  z: 2480.0835
Move joint 5  x: -1053.1796  y: 32.54676  z: 2734.9915
Move joint 7  x: -52.942696  y: 272.26303  z: -130.83649
llen=1726.0126,reflen=234.31169
Move joint 0  x: -294.83704  y: -569.28894  z: 2721.4272
Move joint 1  x: -507.2129  y: -848.73486  z: 2890.0776
Move joint 2  x: 357.17426  y: -1208.6204  z: 2476.4185
Move joint 5  x: -1053.6202  y: 32.79004  z: 2734.0652
Move joint 7  x: -54.319874  y: 268.03488  z: -131.87437
llen=1723.9857,reflen=234.31169
Move joint 0  x: -294.46365  y: -568.2538  z: 2715.9963
Move joint 1  x: -506.86978  y: -846.9076  z: 2886.6484
Move joint 2  x: 356.39227  y: -1205.3962  z: 2472.0688
Move joint 5  x: -1053.3958  y: 33.35043  z: 2732.3022
Move joint 7  x: -53.435764  y: 260.14355  z: -132.77274
llen=1721.8833,reflen=234.31169
Move joint 0  x: -293.8477  y: -566.49927  z: 2713.5515
Move joint 1  x: -506.62146  y: -844.8133  z: 2883.0898
Move joint 2  x: 355.6024  y: -1202.0013  z: 2468.122
Move joint 5  x: -1053.0002  y: 33.91943  z: 2729.8823
Move joint 7  x: -45.362705  y: 249.50153  z: -132.70683
llen=1720.0825,reflen=234.31169
Move joint 0  x: -293.81885  y: -565.8783  z: 2712.2397
Move joint 1  x: -506.7491  y: -843.3303  z: 2880.118
Move joint 2  x: 354.55286  y: -1199.456  z: 2464.7961
Move joint 5  x: -1052.9801  y: 34.15767  z: 2727.9092
Move joint 7  x: -44.124767  y: 243.71077  z: -132.48756
llen=1717.9695,reflen=234.31169
Move joint 0  x: -293.79007  y: -563.2534  z: 2706.3086
Move joint 1  x: -506.206  y: -841.1072  z: 2876.4863
Move joint 2  x: 353.61777  y: -1197.0383  z: 2461.683
Move joint 5  x: -1051.3687  y: 35.522846  z: 2724.4866
Move joint 7  x: -36.720303  y: 230.99135  z: -131.91425
llen=1716.3384,reflen=234.31169
Move joint 0  x: -293.08514  y: -561.52094  z: 2703.5383
Move joint 1  x: -503.99472  y: -841.046  z: 2873.567
Move joint 2  x: 353.7428  y: -1199.1139  z: 2461.1675
Move joint 5  x: -1046.4618  y: 36.3772  z: 2719.6724
Move joint 7  x: -38.06178  y: 223.24112  z: -131.9991
llen=1714.7723,reflen=234.31169
Move joint 0  x: -292.44623  y: -560.19745  z: 2701.331
Move joint 1  x: -503.0745  y: -840.65533  z: 2870.9102
Move joint 2  x: 353.73764  y: -1198.8308  z: 2460.0132
Move joint 5  x: -1044.2577  y: 35.78595  z: 2716.0178
Move joint 7  x: -33.54236  y: 209.4492  z: -130.87291
llen=1713.6663,reflen=234.31169
Move joint 0  x: -291.761  y: -560.3167  z: 2701.1191
Move joint 1  x: -502.2269  y: -841.2031  z: 2869.0771
Move joint 2  x: 353.90475  y: -1199.2631  z: 2458.9272
Move joint 5  x: -1042.7245  y: 34.576725  z: 2713.8066
llen=1712.6586,reflen=234.31169
Move joint 0  x: -290.58624  y: -560.20557  z: 2700.2693
Move joint 1  x: -501.5614  y: -841.70264  z: 2867.422
Move joint 2  x: 354.30182  y: -1199.0596  z: 2457.7947
Move joint 5  x: -1041.8154  y: 32.903427  z: 2711.9673
llen=1710.2715,reflen=234.31169
Move joint 0  x: -289.07764  y: -560.70483  z: 2695.27
Move joint 1  x: -500.18423  y: -841.1659  z: 2863.3804
Move joint 2  x: 354.9356  y: -1197.4849  z: 2455.5813
Move joint 5  x: -1039.3201  y: 30.899796  z: 2706.872
llen=1709.0507,reflen=234.31169
Move joint 0  x: -288.05682  y: -561.7527  z: 2692.7056
Move joint 1  x: -499.5199  y: -841.9025  z: 2861.406
Move joint 2  x: 355.7307  y: -1197.024  z: 2454.7373
Move joint 5  x: -1038.4146  y: 28.035828  z: 2704.1533
llen=1707.3171,reflen=234.31169
Move joint 0  x: -286.78976  y: -562.5715  z: 2690.5952
Move joint 1  x: -498.98462  y: -841.7559  z: 2858.56
Move joint 2  x: 356.32953  y: -1195.5808  z: 2453.6558
Move joint 5  x: -1037.2668  y: 25.433014  z: 2700.0818
llen=1705.257,reflen=234.31169
Move joint 0  x: -285.6926  y: -563.6331  z: 2685.7866
Move joint 1  x: -497.5391  y: -841.63165  z: 2855.061
Move joint 2  x: 357.63654  y: -1194.6882  z: 2453.1106
Move joint 5  x: -1034.4277  y: 22.658928  z: 2694.2427
llen=1705.0076,reflen=234.31169
Move joint 0  x: -285.1093  y: -566.2069  z: 2687.7612
Move joint 1  x: -496.87604  y: -844.1494  z: 2854.7773
Move joint 2  x: 358.30423  y: -1197.8309  z: 2454.775
Move joint 5  x: -1032.7349  y: 19.716322  z: 2692.0344
llen=1703.8733,reflen=234.31169
Move joint 0  x: -283.3182  y: -566.737  z: 2682.6104
Move joint 1  x: -494.25903  y: -845.9275  z: 2852.7283
Move joint 2  x: 359.63492  y: -1201.271  z: 2455.4058
Move joint 5  x: -1027.875  y: 18.191704  z: 2687.6255
llen=1701.2242,reflen=234.31169
Move joint 0  x: -281.60962  y: -565.746  z: 2674.7666
Move joint 1  x: -491.93088  y: -845.3148  z: 2848.1143
Move joint 2  x: 360.5954  y: -1200.5066  z: 2453.1592
Move joint 5  x: -1023.70374  y: 16.935741  z: 2681.4985
llen=1699.8472,reflen=234.31169
Move joint 0  x: -280.9935  y: -566.2591  z: 2671.5825
Move joint 1  x: -490.38013  y: -846.76355  z: 2845.8062
Move joint 2  x: 360.8986  y: -1203.0728  z: 2452.9868
Move joint 5  x: -1020.2717  y: 15.366854  z: 2677.4749
llen=1698.175,reflen=234.31169
Move joint 0  x: -280.52283  y: -565.6191  z: 2665.4736
Move joint 1  x: -489.45737  y: -846.5298  z: 2842.9875
Move joint 2  x: 361.1707  y: -1202.8201  z: 2452.1821
Move joint 5  x: -1018.0026  y: 14.14605  z: 2673.1562
llen=1696.8496,reflen=234.31169
Move joint 0  x: -279.33627  y: -564.8891  z: 2661.7358
Move joint 1  x: -487.71393  y: -845.45996  z: 2840.5273
Move joint 2  x: 362.03064  y: -1202.3868  z: 2451.579
Move joint 5  x: -1014.753  y: 14.651432  z: 2669.2415
llen=1695.6393,reflen=234.31169
Move joint 0  x: -279.08542  y: -563.9098  z: 2660.811
Move joint 1  x: -486.29813  y: -844.88544  z: 2838.3394
Move joint 2  x: 362.9557  y: -1202.2594  z: 2451.564
Move joint 5  x: -1011.9236  y: 14.261836  z: 2665.2256
llen=1694.8044,reflen=234.31169
Move joint 0  x: -278.88632  y: -562.7385  z: 2659.5361
Move joint 1  x: -484.5426  y: -844.8634  z: 2836.7388
Move joint 2  x: 363.67535  y: -1203.6157  z: 2451.706
Move joint 5  x: -1008.5314  y: 14.721803  z: 2662.122
llen=1692.9948,reflen=234.31169
Move joint 0  x: -277.83185  y: -561.0077  z: 2653.6313
Move joint 1  x: -482.4423  y: -844.3112  z: 2833.4912
Move joint 2  x: 364.09683  y: -1204.1782  z: 2450.277
Move joint 5  x: -1004.46484  y: 15.253015  z: 2657.639
llen=1692.6104,reflen=234.31169
Move joint 0  x: -277.6077  y: -561.8882  z: 2652.2466
Move joint 1  x: -481.75366  y: -845.6817  z: 2832.8813
Move joint 2  x: 364.06738  y: -1206.4452  z: 2450.4067
Move joint 5  x: -1002.9137  y: 14.462902  z: 2656.4082
llen=1691.6025,reflen=234.31169
Move joint 0  x: -277.3602  y: -560.8455  z: 2649.9148
Move joint 1  x: -481.3189  y: -845.2866  z: 2831.1797
Move joint 2  x: 363.26077  y: -1207.0676  z: 2449.5088
Move joint 5  x: -1001.2163  y: 15.366394  z: 2654.2373
llen=1690.6871,reflen=234.31169
Move joint 0  x: -276.76617  y: -560.60034  z: 2648.8054
Move joint 1  x: -480.76025  y: -844.80365  z: 2829.5989
Move joint 2  x: 362.99988  y: -1205.8944  z: 2446.9058
Move joint 5  x: -1000.88086  y: 15.63979  z: 2654.0493
llen=1689.8389,reflen=234.31169
Move joint 0  x: -276.8513  y: -560.29376  z: 2649.1328
Move joint 1  x: -480.1626  y: -844.4692  z: 2828.1304
Move joint 2  x: 362.67636  y: -1205.6167  z: 2445.193
Move joint 5  x: -999.92114  y: 16.115068  z: 2653.1426
llen=1689.3171,reflen=234.31169
Move joint 0  x: -275.86795  y: -559.5615  z: 2649.599
Move joint 1  x: -479.1114  y: -844.6866  z: 2827.1528
Move joint 2  x: 362.45636  y: -1206.6818  z: 2443.7715
Move joint 5  x: -998.3209  y: 17.13484  z: 2652.8276
llen=1688.1011,reflen=234.31169
Move joint 0  x: -274.63873  y: -558.46405  z: 2643.5347
Move joint 1  x: -477.18237  y: -844.23114  z: 2824.8794
Move joint 2  x: 362.51947  y: -1206.891  z: 2440.8186
Move joint 5  x: -995.7118  y: 18.7196  z: 2651.7114
llen=1687.3405,reflen=234.31169
Move joint 0  x: -273.6075  y: -558.9397  z: 2641.378
Move joint 1  x: -474.88614  y: -845.5313  z: 2823.4062
Move joint 2  x: 363.1037  y: -1209.3457  z: 2438.9375
Move joint 5  x: -992.6701  y: 19.065441  z: 2650.9585
llen=1685.8376,reflen=234.31169
Move joint 0  x: -272.14816  y: -559.4567  z: 2639.5137
Move joint 1  x: -472.93628  y: -845.6658  z: 2820.7153
Move joint 2  x: 363.55988  y: -1209.4219  z: 2435.9624
Move joint 5  x: -990.1878  y: 18.996279  z: 2649.1123
llen=1685.3834,reflen=234.31169
Move joint 0  x: -270.3673  y: -559.34705  z: 2638.8523
Move joint 1  x: -470.8603  y: -846.64056  z: 2819.733
Move joint 2  x: 364.55267  y: -1210.7435  z: 2434.12
Move joint 5  x: -988.0629  y: 19.070105  z: 2649.204
llen=1684.6667,reflen=234.31169
Move joint 0  x: -268.77203  y: -561.41895  z: 2640.224
Move joint 1  x: -470.1283  y: -848.31665  z: 2818.601
Move joint 2  x: 364.76822  y: -1211.3147  z: 2431.7778
Move joint 5  x: -987.9607  y: 16.96249  z: 2649.5925
llen=1683.379,reflen=234.31169
Move joint 0  x: -265.42383  y: -563.77905  z: 2639.3896
Move joint 1  x: -467.53287  y: -849.1722  z: 2816.1943
Move joint 2  x: 366.58014  y: -1210.053  z: 2427.3235
Move joint 5  x: -986.53955  y: 15.113131  z: 2649.7788
llen=1682.9999,reflen=234.31169
Move joint 0  x: -262.2955  y: -566.7311  z: 2640.9124
Move joint 1  x: -464.29095  y: -851.4009  z: 2815.2212
Move joint 2  x: 368.93097  y: -1211.4691  z: 2424.209
Move joint 5  x: -984.31616  y: 13.598529  z: 2651.1846
llen=1682.0349,reflen=234.31169
Move joint 0  x: -258.86832  y: -568.88135  z: 2636.3672
Move joint 1  x: -460.9229  y: -853.7686  z: 2813.2952
Move joint 2  x: 371.2708  y: -1213.201  z: 2421.3977
Move joint 5  x: -981.21533  y: 11.285421  z: 2650.5413
llen=1681.2778,reflen=234.31169
Move joint 0  x: -254.802  y: -573.09314  z: 2633.2344
Move joint 1  x: -457.48273  y: -857.6311  z: 2811.7798
Move joint 2  x: 373.7616  y: -1215.9172  z: 2418.0137
Move joint 5  x: -978.73267  y: 7.6209164  z: 2651.2554
llen=1681.2349,reflen=234.31169
Move joint 0  x: -249.99896  y: -577.58514  z: 2632.8936
Move joint 1  x: -453.42523  y: -861.97327  z: 2811.3096
Move joint 2  x: 377.50168  y: -1218.3068  z: 2414.5288
Move joint 5  x: -976.75134  y: 3.4614286  z: 2653.9465
llen=1680.7742,reflen=234.31169
Move joint 0  x: -245.31284  y: -583.18677  z: 2632.8062
Move joint 1  x: -450.20917  y: -865.6068  z: 2810.2544
Move joint 2  x: 380.8779  y: -1219.4064  z: 2411.6042
Move joint 5  x: -975.29724  y: -1.4858379  z: 2655.0015
llen=1681.3115,reflen=234.31169
Move joint 0  x: -241.40631  y: -590.3274  z: 2637.251
Move joint 1  x: -448.83585  y: -870.89996  z: 2811.1982
Move joint 2  x: 383.52808  y: -1221.5034  z: 2410.0776
Move joint 5  x: -976.6731  y: -8.3791  z: 2658.3132
llen=1681.5448,reflen=234.31169
Move joint 0  x: -235.64801  y: -595.1352  z: 2635.513
Move joint 1  x: -445.74832  y: -875.34766  z: 2811.2898
Move joint 2  x: 387.26294  y: -1222.8236  z: 2406.902
Move joint 5  x: -976.4804  y: -13.803741  z: 2661.7107
llen=1679.9131,reflen=234.31169
Move joint 0  x: -229.65463  y: -597.5052  z: 2628.8457
Move joint 1  x: -440.24182  y: -876.66  z: 2807.7808
Move joint 2  x: 392.38916  y: -1222.047  z: 2403.5967
Move joint 5  x: -971.3473  y: -17.323734  z: 2658.5845
llen=1680.6796,reflen=234.31169
Move joint 0  x: -224.63638  y: -603.3799  z: 2631.04
Move joint 1  x: -435.5556  y: -880.7905  z: 2808.3818
Move joint 2  x: 398.0068  y: -1224.2634  z: 2402.709
Move joint 5  x: -968.6282  y: -22.052975  z: 2660.4707
llen=1681.8707,reflen=234.31169
Move joint 0  x: -220.09464  y: -609.9646  z: 2633.1172
Move joint 1  x: -431.32898  y: -886.5722  z: 2809.8076
Move joint 2  x: 402.9374  y: -1229.2805  z: 2403.1077
Move joint 5  x: -965.8146  y: -27.372036  z: 2662.5608
llen=1683.3857,reflen=234.31169
Move joint 0  x: -215.3977  y: -615.65894  z: 2638.238
Move joint 1  x: -427.9454  y: -891.1284  z: 2811.8218
Move joint 2  x: 408.0816  y: -1231.7623  z: 2403.588
Move joint 5  x: -964.85474  y: -32.655197  z: 2665.6328
llen=1683.8008,reflen=234.31169
Move joint 0  x: -210.36685  y: -619.78284  z: 2636.6516
Move joint 1  x: -424.89172  y: -894.1162  z: 2812.0505
Move joint 2  x: 412.04324  y: -1233.2318  z: 2403.3364
Move joint 5  x: -963.0583  y: -36.64005  z: 2666.2202
llen=1685.1136,reflen=234.31169
Move joint 0  x: -206.21548  y: -625.0925  z: 2640.5813
Move joint 1  x: -421.73215  y: -897.8241  z: 2813.7153
Move joint 2  x: 416.86688  y: -1234.9403  z: 2403.5974
Move joint 5  x: -962.16785  y: -41.15095  z: 2668.8774
llen=1686.5833,reflen=234.31169
Move joint 0  x: -202.53537  y: -629.5312  z: 2643.7002
Move joint 1  x: -419.55435  y: -901.435  z: 2815.8037
Move joint 2  x: 421.142  y: -1236.0549  z: 2403.894
Move joint 5  x: -962.7588  y: -45.922844  z: 2672.2964
llen=1686.252,reflen=234.31169
Move joint 0  x: -197.95895  y: -631.91986  z: 2644.9927
Move joint 1  x: -414.95163  y: -902.54834  z: 2814.4243
Move joint 2  x: 426.30243  y: -1235.4001  z: 2402.315
Move joint 5  x: -959.16327  y: -48.558125  z: 2671.2498
llen=1686.7389,reflen=234.31169
Move joint 0  x: -193.97498  y: -635.0123  z: 2645.8743
Move joint 1  x: -412.03384  y: -904.71783  z: 2814.7178
Move joint 2  x: 430.11316  y: -1236.8918  z: 2403.2002
Move joint 5  x: -956.76196  y: -51.51049  z: 2670.7708
llen=1687.9452,reflen=234.31169
Move joint 0  x: -192.07303  y: -638.4469  z: 2647.9785
Move joint 1  x: -409.67627  y: -907.2673  z: 2816.2808
Move joint 2  x: 433.82822  y: -1238.4882  z: 2404.3137
Move joint 5  x: -955.7532  y: -54.429  z: 2672.378
llen=1689.4939,reflen=234.31169
Move joint 0  x: -189.55038  y: -640.3527  z: 2653.1401
Move joint 1  x: -408.63287  y: -909.10065  z: 2818.6204
Move joint 2  x: 436.61304  y: -1239.4102  z: 2406.1511
Move joint 5  x: -956.21326  y: -56.62995  z: 2674.6887
llen=1690.9279,reflen=234.31169
Move joint 0  x: -187.01712  y: -642.6689  z: 2656.839
Move joint 1  x: -406.51453  y: -912.122  z: 2820.6035
Move joint 2  x: 439.20905  y: -1243.0876  z: 2407.958
Move joint 5  x: -954.4812  y: -58.37484  z: 2676.3633
llen=1689.9387,reflen=234.31169
Move joint 0  x: -185.41501  y: -641.86566  z: 2652.4485
Move joint 1  x: -403.83728  y: -911.26843  z: 2818.4453
Move joint 2  x: 441.10358  y: -1242.5278  z: 2406.936
Move joint 5  x: -950.8272  y: -57.89049  z: 2673.3914
llen=1691.2877,reflen=234.31169
Move joint 0  x: -184.47705  y: -644.1668  z: 2655.6104
Move joint 1  x: -402.72223  y: -913.4143  z: 2820.4558
Move joint 2  x: 442.93552  y: -1244.557  z: 2407.882
Move joint 5  x: -950.77856  y: -59.172234  z: 2676.0305
llen=1692.0033,reflen=234.31169
Move joint 0  x: -183.88782  y: -645.56067  z: 2657.213
Move joint 1  x: -401.69122  y: -914.54224  z: 2821.4304
Move joint 2  x: 444.72046  y: -1245.5691  z: 2409.166
Move joint 5  x: -950.1062  y: -60.425293  z: 2676.4368
llen=1692.7877,reflen=234.31169
Move joint 0  x: -181.95273  y: -645.94696  z: 2657.5396
Move joint 1  x: -397.95862  y: -915.9153  z: 2821.9626
Move joint 2  x: 447.84238  y: -1248.6893  z: 2410.3003
Move joint 5  x: -945.5651  y: -59.844673  z: 2676.0938
Move joint 11  x: -60.64997  y: 51.827026  z: -200.85083
llen=1693.5189,reflen=234.31169
Move joint 0  x: -180.17609  y: -646.7398  z: 2658.7852
Move joint 1  x: -395.9645  y: -917.2757  z: 2822.7646
Move joint 2  x: 449.8183  y: -1251.0187  z: 2411.614
Move joint 5  x: -943.223  y: -60.17861  z: 2676.1235
Move joint 11  x: -62.64923  y: 52.711365  z: -201.98853
llen=1693.1421,reflen=234.31169
Move joint 0  x: -179.418  y: -646.0356  z: 2654.8176
Move joint 1  x: -395.5236  y: -917.5946  z: 2822.0815
Move joint 2  x: 450.2898  y: -1251.3457  z: 2411.9565
Move joint 5  x: -942.3065  y: -61.136272  z: 2674.5168
Move joint 11  x: -62.672592  y: 52.168243  z: -200.90955
llen=1692.6525,reflen=234.31169
Move joint 0  x: -178.09067  y: -645.1809  z: 2652.2095
Move joint 1  x: -394.46695  y: -916.44806  z: 2821.0356
Move joint 2  x: 451.5738  y: -1249.4154  z: 2411.1853
Move joint 5  x: -941.415  y: -61.070778  z: 2673.3577
Move joint 11  x: -59.894787  y: 51.537872  z: -200.50415
llen=1692.4784,reflen=234.31169
Move joint 0  x: -177.39377  y: -644.9999  z: 2650.8896
Move joint 1  x: -394.1853  y: -915.7283  z: 2820.6719
Move joint 2  x: 452.82437  y: -1247.7982  z: 2411.8564
Move joint 5  x: -941.3292  y: -62.037075  z: 2671.979
llen=1692.1514,reflen=234.31169
Move joint 0  x: -177.22119  y: -643.66455  z: 2651.2346
Move joint 1  x: -393.01022  y: -914.34705  z: 2819.8499
Move joint 2  x: 454.30576  y: -1246.1304  z: 2411.981
Move joint 5  x: -939.91956  y: -61.596165  z: 2670.2947
llen=1692.5001,reflen=234.31169
Move joint 0  x: -177.01627  y: -643.69977  z: 2651.3696
Move joint 1  x: -392.34933  y: -913.4966  z: 2820.2346
Move joint 2  x: 455.70395  y: -1245.3325  z: 2413.4246
Move joint 5  x: -939.1257  y: -61.313366  z: 2669.4607
llen=1692.4718,reflen=234.31169
Move joint 0  x: -176.7197  y: -643.4054  z: 2650.591
Move joint 1  x: -391.7469  y: -912.7945  z: 2820.0347
Move joint 2  x: 456.5937  y: -1244.6569  z: 2414.002
Move joint 5  x: -938.29224  y: -61.070587  z: 2668.467
llen=1692.2651,reflen=234.31169
Move joint 0  x: -176.91425  y: -641.92957  z: 2651.1704
Move joint 1  x: -391.5865  y: -911.3582  z: 2819.6147
Move joint 2  x: 456.82574  y: -1243.4719  z: 2414.4958
Move joint 5  x: -937.6244  y: -60.01099  z: 2667.1738
llen=1692.4523,reflen=234.31169
Move joint 0  x: -177.04501  y: -641.1627  z: 2650.5225
Move joint 1  x: -390.98642  y: -911.17554  z: 2819.7786
Move joint 2  x: 457.34985  y: -1244.3677  z: 2416.0293
Move joint 5  x: -936.0864  y: -59.440674  z: 2665.862
llen=1693.3444,reflen=234.31169
Move joint 0  x: -176.29852  y: -641.0814  z: 2650.3794
Move joint 1  x: -390.2207  y: -911.792  z: 2821.0635
Move joint 2  x: 458.3587  y: -1246.1771  z: 2418.2266
Move joint 5  x: -934.7937  y: -59.125412  z: 2665.8965
llen=1693.7341,reflen=234.31169
Move joint 0  x: -175.59344  y: -640.5382  z: 2650.458
Move joint 1  x: -389.53674  y: -911.4892  z: 2821.5273
Move joint 2  x: 459.45624  y: -1245.8749  z: 2418.878
Move joint 5  x: -934.2642  y: -58.866745  z: 2666.0293
llen=1694.9133,reflen=234.31169
Move joint 0  x: -175.93155  y: -641.4718  z: 2652.9824
Move joint 1  x: -390.05103  y: -912.0903  z: 2823.542
Move joint 2  x: 460.22873  y: -1246.4529  z: 2421.2578
Move joint 5  x: -935.3062  y: -59.600883  z: 2667.245
llen=1695.3567,reflen=234.31169
Move joint 0  x: -175.40952  y: -640.7693  z: 2651.7393
Move joint 1  x: -389.9671  y: -912.18915  z: 2824.2356
Move joint 2  x: 460.66983  y: -1247.1277  z: 2422.8281
Move joint 5  x: -934.86536  y: -59.5541  z: 2666.8765
llen=1695.8412,reflen=234.31169
Move joint 0  x: -174.98907  y: -642.2073  z: 2651.9272
Move joint 1  x: -389.79016  y: -912.4608  z: 2824.9814
Move joint 2  x: 461.42715  y: -1247.087  z: 2423.3757
Move joint 5  x: -935.1904  y: -59.971466  z: 2667.6543
llen=1696.1106,reflen=234.31169
Move joint 0  x: -175.57092  y: -641.72784  z: 2652.867
Move joint 1  x: -389.65833  y: -911.7074  z: 2825.3525
Move joint 2  x: 461.94028  y: -1246.3921  z: 2424.0728
Move joint 5  x: -935.0774  y: -59.35608  z: 2667.5903
llen=1696.9387,reflen=234.31169
Move joint 0  x: -175.80493  y: -641.27124  z: 2658.0242
Move joint 1  x: -390.44693  y: -911.43933  z: 2826.8308
Move joint 2  x: 462.13782  y: -1245.679  z: 2425.1172
Move joint 5  x: -936.68036  y: -59.282703  z: 2669.2163
llen=1696.2076,reflen=234.31169
Move joint 0  x: -175.75363  y: -640.3499  z: 2654.1978
Move joint 1  x: -389.9381  y: -910.45276  z: 2825.5156
Move joint 2  x: 462.4788  y: -1244.5557  z: 2424.641
Move joint 5  x: -935.68713  y: -59.07802  z: 2667.2903
llen=1696.423,reflen=234.31169
Move joint 0  x: -175.05469  y: -640.34796  z: 2652.4102
Move joint 1  x: -389.10272  y: -910.879  z: 2825.6978
Move joint 2  x: 463.1236  y: -1245.4226  z: 2424.888
Move joint 5  x: -934.6662  y: -58.95315  z: 2667.336
llen=1696.2976,reflen=234.31169
Move joint 0  x: -174.40033  y: -640.59576  z: 2651.5774
Move joint 1  x: -388.48383  y: -910.3485  z: 2825.343
Move joint 2  x: 463.63867  y: -1244.5822  z: 2424.0735
Move joint 5  x: -934.2958  y: -58.47522  z: 2667.5015
llen=1696.6376,reflen=234.31169
Move joint 0  x: -174.80963  y: -641.4331  z: 2652.7612
Move joint 1  x: -388.2353  y: -911.2312  z: 2825.8682
Move joint 2  x: 463.91367  y: -1245.8188  z: 2424.692
Move joint 5  x: -933.9758  y: -58.92621  z: 2667.8147
llen=1696.9575,reflen=234.31169
Move joint 0  x: -175.01093  y: -640.87885  z: 2651.5818
Move joint 1  x: -388.024  y: -912.2857  z: 2826.376
Move joint 2  x: 463.53064  y: -1248.115  z: 2425.4932
Move joint 5  x: -933.06256  y: -58.678913  z: 2667.9153
llen=1696.9471,reflen=234.31169
Move joint 0  x: -174.5141  y: -640.79694  z: 2651.1262
Move joint 1  x: -387.14157  y: -912.3951  z: 2826.1738
Move joint 2  x: 464.11847  y: -1249.0204  z: 2426.1387
Move joint 5  x: -931.4686  y: -58.374935  z: 2666.8477
llen=1697.0604,reflen=234.31169
Move joint 0  x: -174.78055  y: -640.1078  z: 2651.7664
Move joint 1  x: -386.34085  y: -911.73364  z: 2826.1545
Move joint 2  x: 464.6223  y: -1248.9219  z: 2426.24
Move joint 5  x: -930.33875  y: -57.124508  z: 2666.6682
llen=1697.0918,reflen=234.31169
Move joint 0  x: -174.33951  y: -639.87726  z: 2651.3115
Move joint 1  x: -385.9639  y: -911.2577  z: 2826.1035
Move joint 2  x: 464.9827  y: -1248.4548  z: 2426.1165
Move joint 5  x: -929.9885  y: -56.58534  z: 2666.682
llen=1696.7063,reflen=234.31169
Move joint 0  x: -173.8017  y: -639.8644  z: 2651.1357
Move joint 1  x: -386.10345  y: -910.8299  z: 2825.5015
Move joint 2  x: 464.88956  y: -1247.2777  z: 2425.0793
Move joint 5  x: -930.511  y: -56.791058  z: 2666.6616
llen=1697.3165,reflen=234.31169
Move joint 0  x: -174.26498  y: -639.44714  z: 2652.7593
Move joint 1  x: -386.68167  y: -910.9586  z: 2826.6045
Move joint 2  x: 464.98752  y: -1247.1223  z: 2425.8765
Move joint 5  x: -931.6519  y: -57.00793  z: 2667.86
llen=1698.01,reflen=234.31169
Move joint 0  x: -173.58362  y: -639.9595  z: 2652.8203
Move joint 1  x: -386.7089  y: -912.00256  z: 2827.759
Move joint 2  x: 465.2646  y: -1248.5039  z: 2426.957
Move joint 5  x: -931.84045  y: -57.50428  z: 2668.8496
llen=1698.5424,reflen=234.31169
Move joint 0  x: -174.5516  y: -640.5264  z: 2654.332
Move joint 1  x: -387.09863  y: -912.73425  z: 2828.7217
Move joint 2  x: 465.03232  y: -1249.7451  z: 2428.0608
Move joint 5  x: -932.14166  y: -57.688404  z: 2669.48
llen=1699.5668,reflen=234.31169
Move joint 0  x: -174.31085  y: -642.18933  z: 2657.9348
Move joint 1  x: -387.02438  y: -914.19165  z: 2830.398
Move joint 2  x: 465.6779  y: -1251.9584  z: 2430.317
Move joint 5  x: -931.9795  y: -58.48484  z: 2670.199
Invalid memory access of location 0x0 rip=0x112a1cd27
